android/app/bin/build/intermediates/manifest_merge_blame_file/debug/manifest-merger-blame-debug-report.txt
1<?xml version="1.0" encoding="utf-8"?>
2<manifest xmlns:android="http://schemas.android.com/apk/res/android"
3    package="com.bankproject"
4    android:versionCode="1"
5    android:versionName="1.0" >
6
7    <uses-sdk
8        android:minSdkVersion="16"
9        android:targetSdkVersion="28" />
10
11    <uses-permission android:name="android.permission.SYSTEM_ALERT_WINDOW" />
11-->src\debug\AndroidManifest.xml:5:5-77
11-->src\debug\AndroidManifest.xml:5:22-75
12    <uses-permission android:name="android.permission.INTERNET" /> <!-- 科大讯飞 -->
12-->src\main\AndroidManifest.xml:5:5-67
12-->src\main\AndroidManifest.xml:5:22-64
13    <uses-permission android:name="android.permission.RECORD_AUDIO" />
13-->src\main\AndroidManifest.xml:7:5-71
13-->src\main\AndroidManifest.xml:7:22-68
14    <uses-permission android:name="android.permission.WRITE_EXTERNAL_STORAGE" />
14-->src\main\AndroidManifest.xml:8:5-81
14-->src\main\AndroidManifest.xml:8:22-78
15    <uses-permission android:name="android.permission.READ_EXTERNAL_STORAGE" /> <!-- 读取网络信息状态 -->
15-->src\main\AndroidManifest.xml:9:5-80
15-->src\main\AndroidManifest.xml:9:22-77
16    <uses-permission android:name="android.permission.ACCESS_NETWORK_STATE" /> <!-- 获取当前wifi状态 -->
16-->src\main\AndroidManifest.xml:11:5-79
16-->src\main\AndroidManifest.xml:11:22-76
17    <uses-permission android:name="android.permission.ACCESS_WIFI_STATE" /> <!-- 允许程序改变网络连接状态 -->
17-->src\main\AndroidManifest.xml:13:5-76
17-->src\main\AndroidManifest.xml:13:22-73
18    <uses-permission android:name="android.permission.CHANGE_NETWORK_STATE" /> <!-- 读取手机信息权限 -->
18-->src\main\AndroidManifest.xml:15:5-79
18-->src\main\AndroidManifest.xml:15:22-76
19    <uses-permission android:name="android.permission.READ_PHONE_STATE" />
19-->src\main\AndroidManifest.xml:17:5-75
19-->src\main\AndroidManifest.xml:17:22-72
20    <uses-permission android:name="android.permission.WRITE_SETTINGS" />
20-->src\main\AndroidManifest.xml:18:5-73
20-->src\main\AndroidManifest.xml:18:22-70
21    <uses-permission android:name="android.permission.CAMERA" />
21-->src\main\AndroidManifest.xml:19:5-65
21-->src\main\AndroidManifest.xml:19:22-62
22    <uses-permission android:name="android.permission.ACCEPT_HANDOVER" />
22-->src\main\AndroidManifest.xml:21:5-74
22-->src\main\AndroidManifest.xml:21:22-71
23    <uses-permission android:name="android.permission.ACCESS_BACKGROUND_LOCATION" />
23-->src\main\AndroidManifest.xml:22:5-85
23-->src\main\AndroidManifest.xml:22:22-82
24    <uses-permission android:name="android.permission.ACCESS_COARSE_LOCATION" />
24-->src\main\AndroidManifest.xml:23:5-81
24-->src\main\AndroidManifest.xml:23:22-78
25    <uses-permission android:name="android.permission.ACCESS_FINE_LOCATION" />
25-->src\main\AndroidManifest.xml:24:5-79
25-->src\main\AndroidManifest.xml:24:22-76
26    <uses-permission android:name="android.permission.ACTIVITY_RECOGNITION" />
26-->src\main\AndroidManifest.xml:25:5-79
26-->src\main\AndroidManifest.xml:25:22-76
27    <uses-permission android:name="android.permission.ANSWER_PHONE_CALLS" />
27-->src\main\AndroidManifest.xml:26:5-77
27-->src\main\AndroidManifest.xml:26:22-74
28    <uses-permission android:name="android.permission.BODY_SENSORS" />
28-->src\main\AndroidManifest.xml:27:5-71
28-->src\main\AndroidManifest.xml:27:22-68
29    <uses-permission android:name="android.permission.CALL_PHONE" />
29-->src\main\AndroidManifest.xml:28:5-69
29-->src\main\AndroidManifest.xml:28:22-66
30    <uses-permission android:name="android.permission.CAMERA" />
30-->src\main\AndroidManifest.xml:19:5-65
30-->src\main\AndroidManifest.xml:19:22-62
31    <uses-permission android:name="android.permission.GET_ACCOUNTS" />
31-->src\main\AndroidManifest.xml:30:5-71
31-->src\main\AndroidManifest.xml:30:22-68
32    <uses-permission android:name="android.permission.PROCESS_OUTGOING_CALLS" />
32-->src\main\AndroidManifest.xml:31:5-81
32-->src\main\AndroidManifest.xml:31:22-78
33    <uses-permission android:name="android.permission.READ_CALENDAR" />
33-->src\main\AndroidManifest.xml:32:5-72
33-->src\main\AndroidManifest.xml:32:22-69
34    <uses-permission android:name="android.permission.READ_CALL_LOG" />
34-->src\main\AndroidManifest.xml:33:5-72
34-->src\main\AndroidManifest.xml:33:22-69
35    <uses-permission android:name="android.permission.READ_CONTACTS" />
35-->src\main\AndroidManifest.xml:34:5-72
35-->src\main\AndroidManifest.xml:34:22-69
36    <uses-permission android:name="android.permission.READ_EXTERNAL_STORAGE" />
36-->src\main\AndroidManifest.xml:9:5-80
36-->src\main\AndroidManifest.xml:9:22-77
37    <uses-permission android:name="android.permission.READ_PHONE_NUMBERS" />
37-->src\main\AndroidManifest.xml:36:5-77
37-->src\main\AndroidManifest.xml:36:22-74
38    <uses-permission android:name="android.permission.READ_PHONE_STATE" />
38-->src\main\AndroidManifest.xml:17:5-75
38-->src\main\AndroidManifest.xml:17:22-72
39    <uses-permission android:name="android.permission.READ_SMS" />
39-->src\main\AndroidManifest.xml:38:5-67
39-->src\main\AndroidManifest.xml:38:22-64
40    <uses-permission android:name="android.permission.RECEIVE_MMS" />
40-->src\main\AndroidManifest.xml:39:5-70
40-->src\main\AndroidManifest.xml:39:22-67
41    <uses-permission android:name="android.permission.RECEIVE_SMS" />
41-->src\main\AndroidManifest.xml:40:5-70
41-->src\main\AndroidManifest.xml:40:22-67
42    <uses-permission android:name="android.permission.RECEIVE_WAP_PUSH" />
42-->src\main\AndroidManifest.xml:41:5-75
42-->src\main\AndroidManifest.xml:41:22-72
43    <uses-permission android:name="android.permission.RECORD_AUDIO" />
43-->src\main\AndroidManifest.xml:7:5-71
43-->src\main\AndroidManifest.xml:7:22-68
44    <uses-permission android:name="android.permission.SEND_SMS" />
44-->src\main\AndroidManifest.xml:43:5-67
44-->src\main\AndroidManifest.xml:43:22-64
45    <uses-permission android:name="android.permission.USE_SIP" />
45-->src\main\AndroidManifest.xml:44:5-66
45-->src\main\AndroidManifest.xml:44:22-63
46    <uses-permission android:name="android.permission.WRITE_CALENDAR" />
46-->src\main\AndroidManifest.xml:45:5-73
46-->src\main\AndroidManifest.xml:45:22-70
47    <uses-permission android:name="android.permission.WRITE_CALL_LOG" />
47-->src\main\AndroidManifest.xml:46:5-73
47-->src\main\AndroidManifest.xml:46:22-70
48    <uses-permission android:name="android.permission.WRITE_CONTACTS" />
48-->src\main\AndroidManifest.xml:47:5-73
48-->src\main\AndroidManifest.xml:47:22-70
49    <uses-permission android:name="android.permission.WRITE_EXTERNAL_STORAGE" />
49-->src\main\AndroidManifest.xml:8:5-81
49-->src\main\AndroidManifest.xml:8:22-78
50    <uses-permission android:name="com.android.voicemail.permission.ADD_VOICEMAIL" /> <!-- 指纹识别 -->
50-->src\main\AndroidManifest.xml:49:5-86
50-->src\main\AndroidManifest.xml:49:22-83
51    <uses-permission android:name="android.permission.USE_FINGERPRINT" /> <!-- 蓝牙 -->
51-->src\main\AndroidManifest.xml:52:5-74
51-->src\main\AndroidManifest.xml:52:22-71
52    <uses-permission android:name="android.permission.BLUETOOTH" /> <!-- 通知相关权限 -->
52-->src\main\AndroidManifest.xml:55:5-68
52-->src\main\AndroidManifest.xml:55:22-65
53    <permission
54        android:name="com.bankproject.permission.C2D_MESSAGE"
55        android:protectionLevel="signature" />
56
57    <uses-permission android:name="com.bankproject.permission.C2D_MESSAGE" />
58    <uses-permission android:name="android.permission.WAKE_LOCK" />
58-->src\main\AndroidManifest.xml:63:5-68
58-->src\main\AndroidManifest.xml:63:22-65
59    <uses-permission android:name="android.permission.VIBRATE" />
59-->src\main\AndroidManifest.xml:64:5-66
59-->src\main\AndroidManifest.xml:64:22-63
60    <uses-permission android:name="android.permission.RECEIVE_BOOT_COMPLETED" />
60-->src\main\AndroidManifest.xml:65:5-80
60-->src\main\AndroidManifest.xml:65:22-78
61    <uses-permission android:name="android.permission.ACCESS_NOTIFICATION_POLICY" />
61-->src\main\AndroidManifest.xml:66:5-85
61-->src\main\AndroidManifest.xml:66:22-82
62    <uses-permission android:name="android.permission.MODIFY_AUDIO_SETTINGS" />
62-->[:react-native-anychat] AndroidManifest.xml:27:5-80
62-->[:react-native-anychat] AndroidManifest.xml:27:22-77
63    <uses-permission android:name="android.permission.RESTART_PACKAGES" />
63-->[:react-native-anychat] AndroidManifest.xml:28:5-75
63-->[:react-native-anychat] AndroidManifest.xml:28:22-72
64    <uses-permission android:name="android.permission.READ_LOGS" />
64-->[:react-native-anychat] AndroidManifest.xml:29:5-68
64-->[:react-native-anychat] AndroidManifest.xml:29:22-65
65    <uses-permission android:name="android.permission.DISABLE_KEYGUARD" />
65-->[:react-native-anychat] AndroidManifest.xml:30:5-75
65-->[:react-native-anychat] AndroidManifest.xml:30:22-72
66    <uses-permission android:name="android.permission.GET_TASKS" />
66-->[:react-native-anychat] AndroidManifest.xml:31:5-68
66-->[:react-native-anychat] AndroidManifest.xml:31:22-65
67
68    <uses-feature
68-->[:react-native-camera] AndroidManifest.xml:11:5-13:36
69        android:name="android.hardware.camera"
69-->[:react-native-camera] AndroidManifest.xml:12:9-47
70        android:required="false" />
70-->[:react-native-camera] AndroidManifest.xml:13:9-33
71    <uses-feature
71-->[:react-native-camera] AndroidManifest.xml:14:5-16:36
72        android:name="android.hardware.camera.autofocus"
72-->[:react-native-camera] AndroidManifest.xml:15:9-57
73        android:required="false" /> <!-- Required by older versions of Google Play services to create IID tokens -->
73-->[:react-native-camera] AndroidManifest.xml:16:9-33
74    <uses-permission android:name="com.google.android.c2dm.permission.RECEIVE" /> <!-- for android -->
74-->[com.google.android.gms:play-services-iid:17.0.0] AndroidManifest.xml:23:5-82
74-->[com.google.android.gms:play-services-iid:17.0.0] AndroidManifest.xml:23:22-79
75    <!-- <uses-permission android:name="com.android.launcher.permission.READ_SETTINGS"/> -->
76    <!-- <uses-permission android:name="com.android.launcher.permission.WRITE_SETTINGS"/> -->
77    <!-- <uses-permission android:name="com.android.launcher.permission.INSTALL_SHORTCUT" /> -->
78    <!-- <uses-permission android:name="com.android.launcher.permission.UNINSTALL_SHORTCUT" /> -->
79    <!-- for Samsung -->
80    <uses-permission android:name="com.sec.android.provider.badge.permission.READ" />
80-->[me.leolin:ShortcutBadger:1.1.22] AndroidManifest.xml:19:5-86
80-->[me.leolin:ShortcutBadger:1.1.22] AndroidManifest.xml:19:22-83
81    <uses-permission android:name="com.sec.android.provider.badge.permission.WRITE" /> <!-- for htc -->
81-->[me.leolin:ShortcutBadger:1.1.22] AndroidManifest.xml:20:5-87
81-->[me.leolin:ShortcutBadger:1.1.22] AndroidManifest.xml:20:22-84
82    <uses-permission android:name="com.htc.launcher.permission.READ_SETTINGS" />
82-->[me.leolin:ShortcutBadger:1.1.22] AndroidManifest.xml:23:5-81
82-->[me.leolin:ShortcutBadger:1.1.22] AndroidManifest.xml:23:22-78
83    <uses-permission android:name="com.htc.launcher.permission.UPDATE_SHORTCUT" /> <!-- for sony -->
83-->[me.leolin:ShortcutBadger:1.1.22] AndroidManifest.xml:24:5-83
83-->[me.leolin:ShortcutBadger:1.1.22] AndroidManifest.xml:24:22-80
84    <uses-permission android:name="com.sonyericsson.home.permission.BROADCAST_BADGE" />
84-->[me.leolin:ShortcutBadger:1.1.22] AndroidManifest.xml:27:5-88
84-->[me.leolin:ShortcutBadger:1.1.22] AndroidManifest.xml:27:22-85
85    <uses-permission android:name="com.sonymobile.home.permission.PROVIDER_INSERT_BADGE" /> <!-- for apex -->
85-->[me.leolin:ShortcutBadger:1.1.22] AndroidManifest.xml:28:5-92
85-->[me.leolin:ShortcutBadger:1.1.22] AndroidManifest.xml:28:22-89
86    <uses-permission android:name="com.anddoes.launcher.permission.UPDATE_COUNT" /> <!-- for solid -->
86-->[me.leolin:ShortcutBadger:1.1.22] AndroidManifest.xml:31:5-84
86-->[me.leolin:ShortcutBadger:1.1.22] AndroidManifest.xml:31:22-81
87    <uses-permission android:name="com.majeur.launcher.permission.UPDATE_BADGE" /> <!-- for huawei -->
87-->[me.leolin:ShortcutBadger:1.1.22] AndroidManifest.xml:34:5-83
87-->[me.leolin:ShortcutBadger:1.1.22] AndroidManifest.xml:34:22-80
88    <uses-permission android:name="com.huawei.android.launcher.permission.CHANGE_BADGE" />
88-->[me.leolin:ShortcutBadger:1.1.22] AndroidManifest.xml:37:5-91
88-->[me.leolin:ShortcutBadger:1.1.22] AndroidManifest.xml:37:22-88
89    <uses-permission android:name="com.huawei.android.launcher.permission.READ_SETTINGS" />
89-->[me.leolin:ShortcutBadger:1.1.22] AndroidManifest.xml:38:5-92
89-->[me.leolin:ShortcutBadger:1.1.22] AndroidManifest.xml:38:22-89
90    <uses-permission android:name="com.huawei.android.launcher.permission.WRITE_SETTINGS" /> <!-- for ZUK -->
90-->[me.leolin:ShortcutBadger:1.1.22] AndroidManifest.xml:39:5-93
90-->[me.leolin:ShortcutBadger:1.1.22] AndroidManifest.xml:39:22-90
91    <uses-permission android:name="android.permission.READ_APP_BADGE" /> <!-- for OPPO -->
91-->[me.leolin:ShortcutBadger:1.1.22] AndroidManifest.xml:42:5-73
91-->[me.leolin:ShortcutBadger:1.1.22] AndroidManifest.xml:42:22-70
92    <uses-permission android:name="com.oppo.launcher.permission.READ_SETTINGS" />
92-->[me.leolin:ShortcutBadger:1.1.22] AndroidManifest.xml:45:5-82
92-->[me.leolin:ShortcutBadger:1.1.22] AndroidManifest.xml:45:22-79
93    <uses-permission android:name="com.oppo.launcher.permission.WRITE_SETTINGS" /> <!-- for EvMe -->
93-->[me.leolin:ShortcutBadger:1.1.22] AndroidManifest.xml:46:5-83
93-->[me.leolin:ShortcutBadger:1.1.22] AndroidManifest.xml:46:22-80
94    <uses-permission android:name="me.everything.badger.permission.BADGE_COUNT_READ" />
94-->[me.leolin:ShortcutBadger:1.1.22] AndroidManifest.xml:49:5-88
94-->[me.leolin:ShortcutBadger:1.1.22] AndroidManifest.xml:49:22-85
95    <uses-permission android:name="me.everything.badger.permission.BADGE_COUNT_WRITE" />
95-->[me.leolin:ShortcutBadger:1.1.22] AndroidManifest.xml:50:5-89
95-->[me.leolin:ShortcutBadger:1.1.22] AndroidManifest.xml:50:22-86
96
97    <application
97-->src\main\AndroidManifest.xml:68:5-141:19
98        android:name="com.bankproject.MainApplication"
98-->src\main\AndroidManifest.xml:69:9-40
99        android:allowBackup="true"
99-->src\main\AndroidManifest.xml:70:9-35
100        android:appComponentFactory="androidx.core.app.CoreComponentFactory"
100-->[androidx.core:core:1.1.0] AndroidManifest.xml:24:18-86
101        android:debuggable="true"
102        android:icon="@mipmap/debug"
102-->src\main\AndroidManifest.xml:71:9-43
103        android:label="@string/app_name"
103-->src\main\AndroidManifest.xml:72:9-41
104        android:networkSecurityConfig="@xml/network_security_config"
104-->src\main\AndroidManifest.xml:73:9-69
105        android:roundIcon="@mipmap/ic_launcher_round"
105-->src\main\AndroidManifest.xml:74:9-54
106        android:theme="@style/AppTheme"
106-->src\main\AndroidManifest.xml:75:9-40
107        android:usesCleartextTraffic="true" >
107-->src\debug\AndroidManifest.xml:8:9-44
108        <meta-data
108-->src\main\AndroidManifest.xml:78:9-79:47
109            android:name="com.dieam.reactnativepushnotification.notification_channel_name"
109-->src\main\AndroidManifest.xml:78:21-99
110            android:value="mobilebank_agree" />
110-->src\main\AndroidManifest.xml:79:13-45
111        <meta-data
111-->src\main\AndroidManifest.xml:80:9-81:43
112            android:name="com.dieam.reactnativepushnotification.notification_channel_description"
112-->src\main\AndroidManifest.xml:80:21-106
113            android:value="赞同科技手机银行消息通知" /> <!-- 通知栏颜色 -->
113-->src\main\AndroidManifest.xml:81:13-41
114        <meta-data
114-->src\main\AndroidManifest.xml:84:9-85:54
115            android:name="com.dieam.reactnativepushnotification.notification_color"
115-->src\main\AndroidManifest.xml:84:21-92
116            android:resource="@android:color/white" /> <!-- 通知点击事件 -->
116-->src\main\AndroidManifest.xml:85:13-52
117        <receiver
117-->src\main\AndroidManifest.xml:88:9-96:20
118            android:name="com.google.android.gms.gcm.GcmReceiver"
118-->src\main\AndroidManifest.xml:89:13-66
119            android:exported="true"
119-->src\main\AndroidManifest.xml:90:13-36
120            android:permission="com.google.android.c2dm.permission.SEND" >
120-->src\main\AndroidManifest.xml:91:13-73
121            <intent-filter>
121-->src\main\AndroidManifest.xml:92:13-95:29
122                <action android:name="com.google.android.c2dm.intent.RECEIVE" />
122-->src\main\AndroidManifest.xml:93:17-81
122-->src\main\AndroidManifest.xml:93:25-78
123
124                <category android:name="com.bankproject" />
125            </intent-filter>
126        </receiver>
127        <receiver android:name="com.dieam.reactnativepushnotification.modules.RNPushNotificationPublisher" />
127-->src\main\AndroidManifest.xml:97:9-110
127-->src\main\AndroidManifest.xml:97:19-107
128        <receiver android:name="com.dieam.reactnativepushnotification.modules.RNPushNotificationBootEventReceiver" >
128-->src\main\AndroidManifest.xml:98:9-102:20
128-->src\main\AndroidManifest.xml:98:19-115
129            <intent-filter>
129-->src\main\AndroidManifest.xml:99:13-101:29
130                <action android:name="android.intent.action.BOOT_COMPLETED" />
130-->src\main\AndroidManifest.xml:100:17-79
130-->src\main\AndroidManifest.xml:100:25-76
131            </intent-filter>
132        </receiver>
133
134        <service android:name="com.dieam.reactnativepushnotification.modules.RNPushNotificationRegistrationService" /> <!-- < Only if you're using GCM or localNotificationSchedule() > -->
134-->src\main\AndroidManifest.xml:103:9-118
134-->src\main\AndroidManifest.xml:103:18-116
135        <service
135-->src\main\AndroidManifest.xml:106:9-112:19
136            android:name="com.dieam.reactnativepushnotification.modules.RNPushNotificationListenerServiceGcm"
136-->src\main\AndroidManifest.xml:107:13-110
137            android:exported="false" >
137-->src\main\AndroidManifest.xml:108:13-37
138            <intent-filter>
138-->src\main\AndroidManifest.xml:109:13-111:29
139                <action android:name="com.google.android.c2dm.intent.RECEIVE" />
139-->src\main\AndroidManifest.xml:93:17-81
139-->src\main\AndroidManifest.xml:93:25-78
140            </intent-filter>
141        </service>
142
143        <activity
143-->src\main\AndroidManifest.xml:114:9-136:20
144            android:name="com.bankproject.MainActivity"
144-->src\main\AndroidManifest.xml:115:13-56
145            android:configChanges="keyboard|keyboardHidden|orientation|screenSize"
145-->src\main\AndroidManifest.xml:116:13-83
146            android:label="@string/app_name"
146-->src\main\AndroidManifest.xml:117:13-45
147            android:screenOrientation="portrait"
147-->src\main\AndroidManifest.xml:118:13-49
148            android:windowSoftInputMode="adjustResize" >
148-->src\main\AndroidManifest.xml:119:13-55
149            <intent-filter>
149-->src\main\AndroidManifest.xml:120:13-128:29
150                <action android:name="android.intent.action.VIEW" />
150-->src\main\AndroidManifest.xml:121:17-76
150-->src\main\AndroidManifest.xml:121:25-66
151
152                <category android:name="android.intent.category.DEFAULT" />
152-->src\main\AndroidManifest.xml:122:17-85
152-->src\main\AndroidManifest.xml:122:27-73
153
154                <data
154-->src\main\AndroidManifest.xml:124:17-127:45
155                    android:host="cloudTeller"
155-->src\main\AndroidManifest.xml:126:21-47
156                    android:path="teller"
156-->src\main\AndroidManifest.xml:127:21-42
157                    android:scheme="agree" />
157-->src\main\AndroidManifest.xml:125:21-43
158            </intent-filter>
159            <intent-filter>
159-->src\main\AndroidManifest.xml:129:13-132:29
160                <action android:name="android.intent.action.MAIN" />
160-->src\main\AndroidManifest.xml:130:17-69
160-->src\main\AndroidManifest.xml:130:25-66
161
162                <category android:name="android.intent.category.LAUNCHER" />
162-->src\main\AndroidManifest.xml:131:17-77
162-->src\main\AndroidManifest.xml:131:27-74
163            </intent-filter>
164
165            <meta-data
165-->src\main\AndroidManifest.xml:133:13-135:40
166                android:name="android.notch_support"
166-->src\main\AndroidManifest.xml:134:17-53
167                android:value="true" />
167-->src\main\AndroidManifest.xml:135:17-37
168        </activity>
169        <activity android:name="com.facebook.react.devsupport.DevSettingsActivity" />
169-->src\main\AndroidManifest.xml:137:9-86
169-->src\main\AndroidManifest.xml:137:19-83
170        <activity
170-->src\main\AndroidManifest.xml:138:9-140:53
171            android:name="com.CaptureActivity"
171-->src\main\AndroidManifest.xml:139:13-47
172            android:screenOrientation="landscape" />
172-->src\main\AndroidManifest.xml:140:13-50
173        <activity
173-->[:react-native-idcamera] AndroidManifest.xml:12:9-15:80
174            android:name="com.wildma.idcardcamera.camera.CameraActivity"
174-->[:react-native-idcamera] AndroidManifest.xml:13:13-73
175            android:configChanges="keyboardHidden|orientation|screenSize"
175-->[:react-native-idcamera] AndroidManifest.xml:14:13-74
176            android:theme="@android:style/Theme.Light.NoTitleBar.Fullscreen" />
176-->[:react-native-idcamera] AndroidManifest.xml:15:13-77
177
178        <receiver
178-->[:react-native-device-info] AndroidManifest.xml:12:9-19:20
179            android:name="com.learnium.RNDeviceInfo.RNDeviceReceiver"
179-->[:react-native-device-info] AndroidManifest.xml:13:13-70
180            android:enabled="true"
180-->[:react-native-device-info] AndroidManifest.xml:14:13-35
181            android:exported="true" >
181-->[:react-native-device-info] AndroidManifest.xml:15:13-36
182            <intent-filter>
182-->[:react-native-device-info] AndroidManifest.xml:16:13-18:29
183                <action android:name="com.android.vending.INSTALL_REFERRER" />
183-->[:react-native-device-info] AndroidManifest.xml:17:17-79
183-->[:react-native-device-info] AndroidManifest.xml:17:25-76
184            </intent-filter>
185        </receiver>
186
187        <provider
187-->[:react-native-image-picker] AndroidManifest.xml:10:9-18:20
188            android:name="com.imagepicker.FileProvider"
188-->[:react-native-image-picker] AndroidManifest.xml:11:13-56
189            android:authorities="com.bankproject.provider"
189-->[:react-native-image-picker] AndroidManifest.xml:12:13-60
190            android:exported="false"
190-->[:react-native-image-picker] AndroidManifest.xml:13:13-37
191            android:grantUriPermissions="true" >
191-->[:react-native-image-picker] AndroidManifest.xml:14:13-47
192            <meta-data
192-->[:react-native-image-picker] AndroidManifest.xml:15:13-17:58
193                android:name="android.support.FILE_PROVIDER_PATHS"
193-->[:react-native-image-picker] AndroidManifest.xml:16:17-67
194                android:resource="@xml/provider_paths" />
194-->[:react-native-image-picker] AndroidManifest.xml:17:17-55
195        </provider>
196        <provider
196-->[:react-native-webview] AndroidManifest.xml:12:9-20:20
197            android:name="com.reactnativecommunity.webview.RNCWebViewFileProvider"
197-->[:react-native-webview] AndroidManifest.xml:13:13-83
198            android:authorities="com.bankproject.fileprovider"
198-->[:react-native-webview] AndroidManifest.xml:14:13-64
199            android:exported="false"
199-->[:react-native-webview] AndroidManifest.xml:15:13-37
200            android:grantUriPermissions="true" >
200-->[:react-native-webview] AndroidManifest.xml:16:13-47
201            <meta-data
201-->[:react-native-image-picker] AndroidManifest.xml:15:13-17:58
202                android:name="android.support.FILE_PROVIDER_PATHS"
202-->[:react-native-image-picker] AndroidManifest.xml:16:17-67
203                android:resource="@xml/file_provider_paths" />
203-->[:react-native-image-picker] AndroidManifest.xml:17:17-55
204        </provider>
205        <!--
206             FirebaseMessagingService performs security checks at runtime,
207             but set to not exported to explicitly avoid allowing another app to call it.
208        -->
209        <service
209-->[com.google.firebase:firebase-messaging:20.2.3] AndroidManifest.xml:28:9-35:19
210            android:name="com.google.firebase.messaging.FirebaseMessagingService"
210-->[com.google.firebase:firebase-messaging:20.2.3] AndroidManifest.xml:29:13-82
211            android:directBootAware="true"
211-->[com.google.firebase:firebase-messaging:20.2.3] AndroidManifest.xml:30:13-43
212            android:exported="false" >
212-->[com.google.firebase:firebase-messaging:20.2.3] AndroidManifest.xml:31:13-37
213            <intent-filter android:priority="-500" >
213-->[com.google.firebase:firebase-messaging:20.2.3] AndroidManifest.xml:32:13-34:29
213-->[com.google.firebase:firebase-messaging:20.2.3] AndroidManifest.xml:32:28-51
214                <action android:name="com.google.firebase.MESSAGING_EVENT" />
214-->[com.google.firebase:firebase-messaging:20.2.3] AndroidManifest.xml:33:17-78
214-->[com.google.firebase:firebase-messaging:20.2.3] AndroidManifest.xml:33:25-75
215            </intent-filter>
216        </service>
217        <service
217-->[com.google.firebase:firebase-messaging:20.2.3] AndroidManifest.xml:36:9-42:19
218            android:name="com.google.firebase.components.ComponentDiscoveryService"
218-->[com.google.firebase:firebase-messaging:20.2.3] AndroidManifest.xml:37:13-84
219            android:directBootAware="true"
219-->[com.google.firebase:firebase-common:19.3.0] AndroidManifest.xml:34:13-43
220            android:exported="false" >
220-->[com.google.firebase:firebase-messaging:20.2.3] AndroidManifest.xml:38:13-37
221            <meta-data
221-->[com.google.firebase:firebase-messaging:20.2.3] AndroidManifest.xml:39:13-41:85
222                android:name="com.google.firebase.components:com.google.firebase.messaging.FirebaseMessagingRegistrar"
222-->[com.google.firebase:firebase-messaging:20.2.3] AndroidManifest.xml:40:17-119
223                android:value="com.google.firebase.components.ComponentRegistrar" />
223-->[com.google.firebase:firebase-messaging:20.2.3] AndroidManifest.xml:41:17-82
224            <meta-data
224-->[com.google.firebase:firebase-datatransport:17.0.3] AndroidManifest.xml:28:13-30:85
225                android:name="com.google.firebase.components:com.google.firebase.datatransport.TransportRegistrar"
225-->[com.google.firebase:firebase-datatransport:17.0.3] AndroidManifest.xml:29:17-115
226                android:value="com.google.firebase.components.ComponentRegistrar" />
226-->[com.google.firebase:firebase-datatransport:17.0.3] AndroidManifest.xml:30:17-82
227            <meta-data
227-->[com.google.firebase:firebase-iid:20.2.3] AndroidManifest.xml:32:13-34:85
228                android:name="com.google.firebase.components:com.google.firebase.iid.Registrar"
228-->[com.google.firebase:firebase-iid:20.2.3] AndroidManifest.xml:33:17-96
229                android:value="com.google.firebase.components.ComponentRegistrar" />
229-->[com.google.firebase:firebase-iid:20.2.3] AndroidManifest.xml:34:17-82
230            <meta-data
230-->[com.google.firebase:firebase-installations:16.3.2] AndroidManifest.xml:17:13-19:85
231                android:name="com.google.firebase.components:com.google.firebase.installations.FirebaseInstallationsRegistrar"
231-->[com.google.firebase:firebase-installations:16.3.2] AndroidManifest.xml:18:17-127
232                android:value="com.google.firebase.components.ComponentRegistrar" />
232-->[com.google.firebase:firebase-installations:16.3.2] AndroidManifest.xml:19:17-82
233        </service>
234        <service
234-->[com.google.android.datatransport:transport-backend-cct:2.2.0] AndroidManifest.xml:29:9-35:19
235            android:name="com.google.android.datatransport.runtime.backends.TransportBackendDiscovery"
235-->[com.google.android.datatransport:transport-backend-cct:2.2.0] AndroidManifest.xml:30:13-103
236            android:exported="false" >
236-->[com.google.android.datatransport:transport-backend-cct:2.2.0] AndroidManifest.xml:31:13-37
237            <meta-data
237-->[com.google.android.datatransport:transport-backend-cct:2.2.0] AndroidManifest.xml:32:13-34:39
238                android:name="backend:com.google.android.datatransport.cct.CctBackendFactory"
238-->[com.google.android.datatransport:transport-backend-cct:2.2.0] AndroidManifest.xml:33:17-94
239                android:value="cct" />
239-->[com.google.android.datatransport:transport-backend-cct:2.2.0] AndroidManifest.xml:34:17-36
240        </service>
241        <service
241-->[com.google.android.datatransport:transport-runtime:2.2.0] AndroidManifest.xml:26:9-30:19
242            android:name="com.google.android.datatransport.runtime.scheduling.jobscheduling.JobInfoSchedulerService"
242-->[com.google.android.datatransport:transport-runtime:2.2.0] AndroidManifest.xml:27:13-117
243            android:exported="false"
243-->[com.google.android.datatransport:transport-runtime:2.2.0] AndroidManifest.xml:28:13-37
244            android:permission="android.permission.BIND_JOB_SERVICE" >
244-->[com.google.android.datatransport:transport-runtime:2.2.0] AndroidManifest.xml:29:13-69
245        </service>
246
247        <receiver
247-->[com.google.android.datatransport:transport-runtime:2.2.0] AndroidManifest.xml:32:9-34:40
248            android:name="com.google.android.datatransport.runtime.scheduling.jobscheduling.AlarmManagerSchedulerBroadcastReceiver"
248-->[com.google.android.datatransport:transport-runtime:2.2.0] AndroidManifest.xml:33:13-132
249            android:exported="false" />
249-->[com.google.android.datatransport:transport-runtime:2.2.0] AndroidManifest.xml:34:13-37
250        <receiver